ARM GAS  /tmp/ccnBlgpX.s 			page 1


   1              		.syntax unified
   2              		.cpu cortex-m4
   3              		.eabi_attribute 27, 1
   4              		.eabi_attribute 28, 1
   5              		.fpu fpv4-sp-d16
   6              		.eabi_attribute 20, 1
   7              		.eabi_attribute 21, 1
   8              		.eabi_attribute 23, 3
   9              		.eabi_attribute 24, 1
  10              		.eabi_attribute 25, 1
  11              		.eabi_attribute 26, 1
  12              		.eabi_attribute 30, 4
  13              		.eabi_attribute 34, 1
  14              		.eabi_attribute 18, 4
  15              		.thumb
  16              		.syntax unified
  17              		.file	"_unit.c"
  18              		.text
  19              	.Ltext0:
  20              		.cfi_sections	.debug_frame
  21              		.align	1
  22              		.weak	_hook_cycle
  23              		.thumb
  24              		.thumb_func
  25              		.type	_hook_cycle, %function
  26              	_hook_cycle:
  27              	.LFB241:
  28              		.file 1 "/home/horkheimer/coding/nts1/logue-sdk/platform/nutekt-digital/waves/tpl/_unit.c"
  29              		.loc 1 130 0
  30              		.cfi_startproc
  31              		@ args = 0, pretend = 0, frame = 0
  32              		@ frame_needed = 0, uses_anonymous_args = 0
  33              		@ link register save eliminated.
  34              	.LVL0:
  35 0000 7047     		bx	lr
  36              		.cfi_endproc
  37              	.LFE241:
  38              		.size	_hook_cycle, .-_hook_cycle
  39              		.align	1
  40              		.weak	_hook_mute
  41              		.thumb
  42              		.thumb_func
  43              		.type	_hook_mute, %function
  44              	_hook_mute:
  45              	.LFB244:
  46              		.loc 1 150 0
  47              		.cfi_startproc
  48              		@ args = 0, pretend = 0, frame = 0
  49              		@ frame_needed = 0, uses_anonymous_args = 0
  50              		@ link register save eliminated.
  51              	.LVL1:
  52 0002 7047     		bx	lr
  53              		.cfi_endproc
  54              	.LFE244:
  55              		.size	_hook_mute, .-_hook_mute
  56              		.align	1
  57              		.weak	_hook_value
ARM GAS  /tmp/ccnBlgpX.s 			page 2


  58              		.thumb
  59              		.thumb_func
  60              		.type	_hook_value, %function
  61              	_hook_value:
  62              	.LFB245:
  63              		.loc 1 156 0
  64              		.cfi_startproc
  65              		@ args = 0, pretend = 0, frame = 0
  66              		@ frame_needed = 0, uses_anonymous_args = 0
  67              		@ link register save eliminated.
  68              	.LVL2:
  69 0004 7047     		bx	lr
  70              		.cfi_endproc
  71              	.LFE245:
  72              		.size	_hook_value, .-_hook_value
  73              		.align	1
  74              		.weak	_hook_param
  75              		.thumb
  76              		.thumb_func
  77              		.type	_hook_param, %function
  78              	_hook_param:
  79              	.LFB246:
  80              		.loc 1 162 0
  81              		.cfi_startproc
  82              		@ args = 0, pretend = 0, frame = 0
  83              		@ frame_needed = 0, uses_anonymous_args = 0
  84              		@ link register save eliminated.
  85              	.LVL3:
  86 0006 7047     		bx	lr
  87              		.cfi_endproc
  88              	.LFE246:
  89              		.size	_hook_param, .-_hook_param
  90              		.align	1
  91              		.weak	_hook_off
  92              		.thumb
  93              		.thumb_func
  94              		.type	_hook_off, %function
  95              	_hook_off:
  96              	.LFB248:
  97              		.cfi_startproc
  98              		@ args = 0, pretend = 0, frame = 0
  99              		@ frame_needed = 0, uses_anonymous_args = 0
 100              		@ link register save eliminated.
 101 0008 7047     		bx	lr
 102              		.cfi_endproc
 103              	.LFE248:
 104              		.size	_hook_off, .-_hook_off
 105              		.align	1
 106              		.weak	_hook_on
 107              		.thumb
 108              		.thumb_func
 109              		.type	_hook_on, %function
 110              	_hook_on:
 111              	.LFB250:
 112              		.cfi_startproc
 113              		@ args = 0, pretend = 0, frame = 0
 114              		@ frame_needed = 0, uses_anonymous_args = 0
ARM GAS  /tmp/ccnBlgpX.s 			page 3


 115              		@ link register save eliminated.
 116 000a 7047     		bx	lr
 117              		.cfi_endproc
 118              	.LFE250:
 119              		.size	_hook_on, .-_hook_on
 120              		.align	1
 121              		.weak	_hook_init
 122              		.thumb
 123              		.thumb_func
 124              		.type	_hook_init, %function
 125              	_hook_init:
 126              	.LFB240:
 127              		.loc 1 123 0
 128              		.cfi_startproc
 129              		@ args = 0, pretend = 0, frame = 0
 130              		@ frame_needed = 0, uses_anonymous_args = 0
 131              		@ link register save eliminated.
 132              	.LVL4:
 133 000c 7047     		bx	lr
 134              		.cfi_endproc
 135              	.LFE240:
 136              		.size	_hook_init, .-_hook_init
 137              		.align	1
 138              		.global	_entry
 139              		.thumb
 140              		.thumb_func
 141              		.type	_entry, %function
 142              	_entry:
 143              	.LFB239:
 144              		.loc 1 101 0
 145              		.cfi_startproc
 146              		@ args = 0, pretend = 0, frame = 0
 147              		@ frame_needed = 0, uses_anonymous_args = 0
 148              	.LVL5:
 149 000e 104B     		ldr	r3, .L20
 150 0010 104A     		ldr	r2, .L20+4
 151              		.loc 1 101 0
 152 0012 2DE9F041 		push	{r4, r5, r6, r7, r8, lr}
 153              		.cfi_def_cfa_offset 24
 154              		.cfi_offset 4, -24
 155              		.cfi_offset 5, -20
 156              		.cfi_offset 6, -16
 157              		.cfi_offset 7, -12
 158              		.cfi_offset 8, -8
 159              		.cfi_offset 14, -4
 160              		.loc 1 101 0
 161 0016 8846     		mov	r8, r1
 162 0018 0746     		mov	r7, r0
 163              		.loc 1 107 0
 164 001a 0021     		movs	r1, #0
 165              	.LVL6:
 166              	.L9:
 167              		.loc 1 106 0
 168 001c 9342     		cmp	r3, r2
 169 001e 02D0     		beq	.L18
 170              	.LVL7:
 171              		.loc 1 107 0
ARM GAS  /tmp/ccnBlgpX.s 			page 4


 172 0020 03F8011F 		strb	r1, [r3, #1]!
 173              	.LVL8:
 174 0024 FAE7     		b	.L9
 175              	.L18:
 176              	.LVL9:
 177 0026 0C4B     		ldr	r3, .L20+8
 178              	.LVL10:
 179 0028 0C4C     		ldr	r4, .L20+12
 180 002a E41A     		subs	r4, r4, r3
 181 002c A410     		asrs	r4, r4, #2
 182              	.LBB2:
 183              		.loc 1 111 0
 184 002e 0025     		movs	r5, #0
 185 0030 1E46     		mov	r6, r3
 186              	.LVL11:
 187              	.L11:
 188              		.loc 1 111 0 is_stmt 0 discriminator 1
 189 0032 A542     		cmp	r5, r4
 190 0034 05D0     		beq	.L19
 191              	.LBB3:
 192              		.loc 1 112 0 is_stmt 1
 193 0036 56F82530 		ldr	r3, [r6, r5, lsl #2]
 194              	.LVL12:
 195              		.loc 1 113 0
 196 003a 03B1     		cbz	r3, .L12
 197              		.loc 1 114 0
 198 003c 9847     		blx	r3
 199              	.LVL13:
 200              	.L12:
 201              	.LBE3:
 202              		.loc 1 111 0 discriminator 2
 203 003e 0135     		adds	r5, r5, #1
 204              	.LVL14:
 205 0040 F7E7     		b	.L11
 206              	.L19:
 207              	.LBE2:
 208              		.loc 1 118 0
 209 0042 4146     		mov	r1, r8
 210 0044 3846     		mov	r0, r7
 211 0046 FFF7FEFF 		bl	_hook_init
 212              	.LVL15:
 213 004a BDE8F081 		pop	{r4, r5, r6, r7, r8, pc}
 214              	.LVL16:
 215              	.L21:
 216 004e 00BF     		.align	2
 217              	.L20:
 218 0050 FFFFFFFF 		.word	_bss_start-1
 219 0054 FFFFFFFF 		.word	_bss_end-1
 220 0058 00000000 		.word	__init_array_start
 221 005c 00000000 		.word	__init_array_end
 222              		.cfi_endproc
 223              	.LFE239:
 224              		.size	_entry, .-_entry
 225              		.section	.hooks,"a",%progbits
 226              		.type	s_hook_table, %object
 227              		.size	s_hook_table, 64
 228              	s_hook_table:
ARM GAS  /tmp/ccnBlgpX.s 			page 5


 229 0000 55       		.byte	85
 230 0001 4F       		.byte	79
 231 0002 53       		.byte	83
 232 0003 43       		.byte	67
 233 0004 00010100 		.4byte	65792
 234 0008 03       		.byte	3
 235 0009 00       		.byte	0
 236 000a 00000000 		.space	6
 236      0000
 237 0010 00000000 		.4byte	_entry
 238 0014 00000000 		.4byte	_hook_cycle
 239 0018 00000000 		.4byte	_hook_on
 240 001c 00000000 		.4byte	_hook_off
 241 0020 00000000 		.4byte	_hook_mute
 242 0024 00000000 		.4byte	_hook_value
 243 0028 00000000 		.4byte	_hook_param
 244 002c 00000000 		.4byte	0
 245 0030 00000000 		.space	16
 245      00000000 
 245      00000000 
 245      00000000 
 246              		.text
 247              	.Letext0:
 248              		.file 2 "/home/horkheimer/coding/nts1/logue-sdk/tools/gcc/gcc-arm-none-eabi-5_4-2016q3/arm-none-ea
 249              		.file 3 "/home/horkheimer/coding/nts1/logue-sdk/tools/gcc/gcc-arm-none-eabi-5_4-2016q3/arm-none-ea
 250              		.file 4 "/home/horkheimer/coding/nts1/logue-sdk/tools/gcc/gcc-arm-none-eabi-5_4-2016q3/lib/gcc/arm
 251              		.file 5 "/home/horkheimer/coding/nts1/logue-sdk/platform/nutekt-digital/inc/userosc.h"
 252              		.file 6 "/home/horkheimer/coding/nts1/logue-sdk/platform/nutekt-digital/inc/osc_api.h"
 253              		.section	.debug_info,"",%progbits
 254              	.Ldebug_info0:
 255 0000 15060000 		.4byte	0x615
 256 0004 0400     		.2byte	0x4
 257 0006 00000000 		.4byte	.Ldebug_abbrev0
 258 000a 04       		.byte	0x4
 259 000b 01       		.uleb128 0x1
 260 000c 0A010000 		.4byte	.LASF80
 261 0010 0C       		.byte	0xc
 262 0011 B3000000 		.4byte	.LASF81
 263 0015 00000000 		.4byte	.Ltext0
 264 0019 60000000 		.4byte	.Letext0-.Ltext0
 265 001d 00000000 		.4byte	.Ldebug_line0
 266 0021 02       		.uleb128 0x2
 267 0022 01       		.byte	0x1
 268 0023 06       		.byte	0x6
 269 0024 2A030000 		.4byte	.LASF0
 270 0028 03       		.uleb128 0x3
 271 0029 86020000 		.4byte	.LASF3
 272 002d 02       		.byte	0x2
 273 002e 1D       		.byte	0x1d
 274 002f 33000000 		.4byte	0x33
 275 0033 02       		.uleb128 0x2
 276 0034 01       		.byte	0x1
 277 0035 08       		.byte	0x8
 278 0036 AC020000 		.4byte	.LASF1
 279 003a 02       		.uleb128 0x2
 280 003b 02       		.byte	0x2
 281 003c 05       		.byte	0x5
ARM GAS  /tmp/ccnBlgpX.s 			page 6


 282 003d 51000000 		.4byte	.LASF2
 283 0041 03       		.uleb128 0x3
 284 0042 A8000000 		.4byte	.LASF4
 285 0046 02       		.byte	0x2
 286 0047 2B       		.byte	0x2b
 287 0048 4C000000 		.4byte	0x4c
 288 004c 02       		.uleb128 0x2
 289 004d 02       		.byte	0x2
 290 004e 07       		.byte	0x7
 291 004f 9B030000 		.4byte	.LASF5
 292 0053 03       		.uleb128 0x3
 293 0054 7D040000 		.4byte	.LASF6
 294 0058 02       		.byte	0x2
 295 0059 3F       		.byte	0x3f
 296 005a 5E000000 		.4byte	0x5e
 297 005e 02       		.uleb128 0x2
 298 005f 04       		.byte	0x4
 299 0060 05       		.byte	0x5
 300 0061 53020000 		.4byte	.LASF7
 301 0065 03       		.uleb128 0x3
 302 0066 5B040000 		.4byte	.LASF8
 303 006a 02       		.byte	0x2
 304 006b 41       		.byte	0x41
 305 006c 70000000 		.4byte	0x70
 306 0070 02       		.uleb128 0x2
 307 0071 04       		.byte	0x4
 308 0072 07       		.byte	0x7
 309 0073 42040000 		.4byte	.LASF9
 310 0077 02       		.uleb128 0x2
 311 0078 08       		.byte	0x8
 312 0079 05       		.byte	0x5
 313 007a 35020000 		.4byte	.LASF10
 314 007e 02       		.uleb128 0x2
 315 007f 08       		.byte	0x8
 316 0080 07       		.byte	0x7
 317 0081 4C030000 		.4byte	.LASF11
 318 0085 04       		.uleb128 0x4
 319 0086 04       		.byte	0x4
 320 0087 05       		.byte	0x5
 321 0088 696E7400 		.ascii	"int\000"
 322 008c 02       		.uleb128 0x2
 323 008d 04       		.byte	0x4
 324 008e 07       		.byte	0x7
 325 008f 6C030000 		.4byte	.LASF12
 326 0093 03       		.uleb128 0x3
 327 0094 98040000 		.4byte	.LASF13
 328 0098 03       		.byte	0x3
 329 0099 18       		.byte	0x18
 330 009a 28000000 		.4byte	0x28
 331 009e 03       		.uleb128 0x3
 332 009f 86030000 		.4byte	.LASF14
 333 00a3 03       		.byte	0x3
 334 00a4 24       		.byte	0x24
 335 00a5 41000000 		.4byte	0x41
 336 00a9 03       		.uleb128 0x3
 337 00aa DC030000 		.4byte	.LASF15
 338 00ae 03       		.byte	0x3
ARM GAS  /tmp/ccnBlgpX.s 			page 7


 339 00af 2C       		.byte	0x2c
 340 00b0 53000000 		.4byte	0x53
 341 00b4 03       		.uleb128 0x3
 342 00b5 63030000 		.4byte	.LASF16
 343 00b9 03       		.byte	0x3
 344 00ba 30       		.byte	0x30
 345 00bb 65000000 		.4byte	0x65
 346 00bf 03       		.uleb128 0x3
 347 00c0 5B000000 		.4byte	.LASF17
 348 00c4 04       		.byte	0x4
 349 00c5 D8       		.byte	0xd8
 350 00c6 8C000000 		.4byte	0x8c
 351 00ca 02       		.uleb128 0x2
 352 00cb 08       		.byte	0x8
 353 00cc 04       		.byte	0x4
 354 00cd DB020000 		.4byte	.LASF18
 355 00d1 02       		.uleb128 0x2
 356 00d2 04       		.byte	0x4
 357 00d3 07       		.byte	0x7
 358 00d4 70020000 		.4byte	.LASF19
 359 00d8 02       		.uleb128 0x2
 360 00d9 01       		.byte	0x1
 361 00da 08       		.byte	0x8
 362 00db D7030000 		.4byte	.LASF20
 363 00df 05       		.uleb128 0x5
 364 00e0 04       		.byte	0x4
 365 00e1 E5000000 		.4byte	0xe5
 366 00e5 06       		.uleb128 0x6
 367 00e6 02       		.uleb128 0x2
 368 00e7 08       		.byte	0x8
 369 00e8 04       		.byte	0x4
 370 00e9 54040000 		.4byte	.LASF21
 371 00ed 02       		.uleb128 0x2
 372 00ee 04       		.byte	0x4
 373 00ef 04       		.byte	0x4
 374 00f0 14020000 		.4byte	.LASF22
 375 00f4 05       		.uleb128 0x5
 376 00f5 04       		.byte	0x4
 377 00f6 A9000000 		.4byte	0xa9
 378 00fa 07       		.uleb128 0x7
 379 00fb D9040000 		.4byte	.LASF37
 380 00ff 10       		.byte	0x10
 381 0100 05       		.byte	0x5
 382 0101 3C       		.byte	0x3c
 383 0102 43010000 		.4byte	0x143
 384 0106 08       		.uleb128 0x8
 385 0107 37000000 		.4byte	.LASF23
 386 010b 05       		.byte	0x5
 387 010c 3E       		.byte	0x3e
 388 010d A9000000 		.4byte	0xa9
 389 0111 00       		.byte	0
 390 0112 08       		.uleb128 0x8
 391 0113 D3040000 		.4byte	.LASF24
 392 0117 05       		.byte	0x5
 393 0118 40       		.byte	0x40
 394 0119 9E000000 		.4byte	0x9e
 395 011d 04       		.byte	0x4
ARM GAS  /tmp/ccnBlgpX.s 			page 8


 396 011e 08       		.uleb128 0x8
 397 011f 1E000000 		.4byte	.LASF25
 398 0123 05       		.byte	0x5
 399 0124 42       		.byte	0x42
 400 0125 9E000000 		.4byte	0x9e
 401 0129 06       		.byte	0x6
 402 012a 08       		.uleb128 0x8
 403 012b 66020000 		.4byte	.LASF26
 404 012f 05       		.byte	0x5
 405 0130 44       		.byte	0x44
 406 0131 9E000000 		.4byte	0x9e
 407 0135 08       		.byte	0x8
 408 0136 08       		.uleb128 0x8
 409 0137 5C020000 		.4byte	.LASF27
 410 013b 05       		.byte	0x5
 411 013c 45       		.byte	0x45
 412 013d 43010000 		.4byte	0x143
 413 0141 0A       		.byte	0xa
 414 0142 00       		.byte	0
 415 0143 09       		.uleb128 0x9
 416 0144 9E000000 		.4byte	0x9e
 417 0148 53010000 		.4byte	0x153
 418 014c 0A       		.uleb128 0xa
 419 014d D1000000 		.4byte	0xd1
 420 0151 02       		.byte	0x2
 421 0152 00       		.byte	0
 422 0153 03       		.uleb128 0x3
 423 0154 87040000 		.4byte	.LASF28
 424 0158 05       		.byte	0x5
 425 0159 46       		.byte	0x46
 426 015a FA000000 		.4byte	0xfa
 427 015e 05       		.uleb128 0x5
 428 015f 04       		.byte	0x4
 429 0160 64010000 		.4byte	0x164
 430 0164 0B       		.uleb128 0xb
 431 0165 74010000 		.4byte	0x174
 432 0169 0C       		.uleb128 0xc
 433 016a B4000000 		.4byte	0xb4
 434 016e 0C       		.uleb128 0xc
 435 016f B4000000 		.4byte	0xb4
 436 0173 00       		.byte	0
 437 0174 03       		.uleb128 0x3
 438 0175 43020000 		.4byte	.LASF29
 439 0179 05       		.byte	0x5
 440 017a 67       		.byte	0x67
 441 017b 5E010000 		.4byte	0x15e
 442 017f 03       		.uleb128 0x3
 443 0180 0D000000 		.4byte	.LASF30
 444 0184 05       		.byte	0x5
 445 0185 69       		.byte	0x69
 446 0186 8A010000 		.4byte	0x18a
 447 018a 05       		.uleb128 0x5
 448 018b 04       		.byte	0x4
 449 018c 90010000 		.4byte	0x190
 450 0190 0B       		.uleb128 0xb
 451 0191 A5010000 		.4byte	0x1a5
 452 0195 0C       		.uleb128 0xc
ARM GAS  /tmp/ccnBlgpX.s 			page 9


 453 0196 B0010000 		.4byte	0x1b0
 454 019a 0C       		.uleb128 0xc
 455 019b F4000000 		.4byte	0xf4
 456 019f 0C       		.uleb128 0xc
 457 01a0 B5010000 		.4byte	0x1b5
 458 01a4 00       		.byte	0
 459 01a5 05       		.uleb128 0x5
 460 01a6 04       		.byte	0x4
 461 01a7 AB010000 		.4byte	0x1ab
 462 01ab 0D       		.uleb128 0xd
 463 01ac 53010000 		.4byte	0x153
 464 01b0 0D       		.uleb128 0xd
 465 01b1 A5010000 		.4byte	0x1a5
 466 01b5 0D       		.uleb128 0xd
 467 01b6 B4000000 		.4byte	0xb4
 468 01ba 03       		.uleb128 0x3
 469 01bb E7020000 		.4byte	.LASF31
 470 01bf 05       		.byte	0x5
 471 01c0 6B       		.byte	0x6b
 472 01c1 C5010000 		.4byte	0x1c5
 473 01c5 05       		.uleb128 0x5
 474 01c6 04       		.byte	0x4
 475 01c7 CB010000 		.4byte	0x1cb
 476 01cb 0B       		.uleb128 0xb
 477 01cc D6010000 		.4byte	0x1d6
 478 01d0 0C       		.uleb128 0xc
 479 01d1 B0010000 		.4byte	0x1b0
 480 01d5 00       		.byte	0
 481 01d6 03       		.uleb128 0x3
 482 01d7 BC030000 		.4byte	.LASF32
 483 01db 05       		.byte	0x5
 484 01dc 6D       		.byte	0x6d
 485 01dd C5010000 		.4byte	0x1c5
 486 01e1 03       		.uleb128 0x3
 487 01e2 BA020000 		.4byte	.LASF33
 488 01e6 05       		.byte	0x5
 489 01e7 6F       		.byte	0x6f
 490 01e8 C5010000 		.4byte	0x1c5
 491 01ec 03       		.uleb128 0x3
 492 01ed 6C040000 		.4byte	.LASF34
 493 01f1 05       		.byte	0x5
 494 01f2 71       		.byte	0x71
 495 01f3 F7010000 		.4byte	0x1f7
 496 01f7 05       		.uleb128 0x5
 497 01f8 04       		.byte	0x4
 498 01f9 FD010000 		.4byte	0x1fd
 499 01fd 0B       		.uleb128 0xb
 500 01fe 08020000 		.4byte	0x208
 501 0202 0C       		.uleb128 0xc
 502 0203 9E000000 		.4byte	0x9e
 503 0207 00       		.byte	0
 504 0208 03       		.uleb128 0x3
 505 0209 12040000 		.4byte	.LASF35
 506 020d 05       		.byte	0x5
 507 020e 73       		.byte	0x73
 508 020f 13020000 		.4byte	0x213
 509 0213 05       		.uleb128 0x5
ARM GAS  /tmp/ccnBlgpX.s 			page 10


 510 0214 04       		.byte	0x4
 511 0215 19020000 		.4byte	0x219
 512 0219 0B       		.uleb128 0xb
 513 021a 29020000 		.4byte	0x229
 514 021e 0C       		.uleb128 0xc
 515 021f 9E000000 		.4byte	0x9e
 516 0223 0C       		.uleb128 0xc
 517 0224 9E000000 		.4byte	0x9e
 518 0228 00       		.byte	0
 519 0229 03       		.uleb128 0x3
 520 022a 19030000 		.4byte	.LASF36
 521 022e 05       		.byte	0x5
 522 022f 75       		.byte	0x75
 523 0230 DF000000 		.4byte	0xdf
 524 0234 07       		.uleb128 0x7
 525 0235 7C000000 		.4byte	.LASF38
 526 0239 40       		.byte	0x40
 527 023a 05       		.byte	0x5
 528 023b 79       		.byte	0x79
 529 023c D1020000 		.4byte	0x2d1
 530 0240 08       		.uleb128 0x8
 531 0241 C2040000 		.4byte	.LASF39
 532 0245 05       		.byte	0x5
 533 0246 7A       		.byte	0x7a
 534 0247 D1020000 		.4byte	0x2d1
 535 024b 00       		.byte	0
 536 024c 0E       		.uleb128 0xe
 537 024d 61706900 		.ascii	"api\000"
 538 0251 05       		.byte	0x5
 539 0252 7B       		.byte	0x7b
 540 0253 B4000000 		.4byte	0xb4
 541 0257 04       		.byte	0x4
 542 0258 08       		.uleb128 0x8
 543 0259 39040000 		.4byte	.LASF40
 544 025d 05       		.byte	0x5
 545 025e 7C       		.byte	0x7c
 546 025f 93000000 		.4byte	0x93
 547 0263 08       		.byte	0x8
 548 0264 08       		.uleb128 0x8
 549 0265 5C020000 		.4byte	.LASF27
 550 0269 05       		.byte	0x5
 551 026a 7D       		.byte	0x7d
 552 026b E1020000 		.4byte	0x2e1
 553 026f 09       		.byte	0x9
 554 0270 08       		.uleb128 0x8
 555 0271 F5030000 		.4byte	.LASF41
 556 0275 05       		.byte	0x5
 557 0276 7F       		.byte	0x7f
 558 0277 74010000 		.4byte	0x174
 559 027b 10       		.byte	0x10
 560 027c 08       		.uleb128 0x8
 561 027d 62000000 		.4byte	.LASF42
 562 0281 05       		.byte	0x5
 563 0282 80       		.byte	0x80
 564 0283 7F010000 		.4byte	0x17f
 565 0287 14       		.byte	0x14
 566 0288 08       		.uleb128 0x8
ARM GAS  /tmp/ccnBlgpX.s 			page 11


 567 0289 A0040000 		.4byte	.LASF43
 568 028d 05       		.byte	0x5
 569 028e 81       		.byte	0x81
 570 028f BA010000 		.4byte	0x1ba
 571 0293 18       		.byte	0x18
 572 0294 08       		.uleb128 0x8
 573 0295 41000000 		.4byte	.LASF44
 574 0299 05       		.byte	0x5
 575 029a 82       		.byte	0x82
 576 029b D6010000 		.4byte	0x1d6
 577 029f 1C       		.byte	0x1c
 578 02a0 08       		.uleb128 0x8
 579 02a1 F4040000 		.4byte	.LASF45
 580 02a5 05       		.byte	0x5
 581 02a6 83       		.byte	0x83
 582 02a7 E1010000 		.4byte	0x1e1
 583 02ab 20       		.byte	0x20
 584 02ac 08       		.uleb128 0x8
 585 02ad 9A020000 		.4byte	.LASF46
 586 02b1 05       		.byte	0x5
 587 02b2 84       		.byte	0x84
 588 02b3 EC010000 		.4byte	0x1ec
 589 02b7 24       		.byte	0x24
 590 02b8 08       		.uleb128 0x8
 591 02b9 EA030000 		.4byte	.LASF47
 592 02bd 05       		.byte	0x5
 593 02be 85       		.byte	0x85
 594 02bf 08020000 		.4byte	0x208
 595 02c3 28       		.byte	0x28
 596 02c4 08       		.uleb128 0x8
 597 02c5 A8040000 		.4byte	.LASF48
 598 02c9 05       		.byte	0x5
 599 02ca 86       		.byte	0x86
 600 02cb F1020000 		.4byte	0x2f1
 601 02cf 2C       		.byte	0x2c
 602 02d0 00       		.byte	0
 603 02d1 09       		.uleb128 0x9
 604 02d2 93000000 		.4byte	0x93
 605 02d6 E1020000 		.4byte	0x2e1
 606 02da 0A       		.uleb128 0xa
 607 02db D1000000 		.4byte	0xd1
 608 02df 03       		.byte	0x3
 609 02e0 00       		.byte	0
 610 02e1 09       		.uleb128 0x9
 611 02e2 93000000 		.4byte	0x93
 612 02e6 F1020000 		.4byte	0x2f1
 613 02ea 0A       		.uleb128 0xa
 614 02eb D1000000 		.4byte	0xd1
 615 02ef 06       		.byte	0x6
 616 02f0 00       		.byte	0
 617 02f1 09       		.uleb128 0x9
 618 02f2 29020000 		.4byte	0x229
 619 02f6 01030000 		.4byte	0x301
 620 02fa 0A       		.uleb128 0xa
 621 02fb D1000000 		.4byte	0xd1
 622 02ff 04       		.byte	0x4
 623 0300 00       		.byte	0
ARM GAS  /tmp/ccnBlgpX.s 			page 12


 624 0301 03       		.uleb128 0x3
 625 0302 36030000 		.4byte	.LASF49
 626 0306 05       		.byte	0x5
 627 0307 87       		.byte	0x87
 628 0308 34020000 		.4byte	0x234
 629 030c 03       		.uleb128 0x3
 630 030d 8F030000 		.4byte	.LASF50
 631 0311 01       		.byte	0x1
 632 0312 3B       		.byte	0x3b
 633 0313 DF000000 		.4byte	0xdf
 634 0317 0F       		.uleb128 0xf
 635 0318 CB030000 		.4byte	.LASF53
 636 031c 01       		.byte	0x1
 637 031d 81       		.byte	0x81
 638 031e 00000000 		.4byte	.LFB241
 639 0322 02000000 		.4byte	.LFE241-.LFB241
 640 0326 01       		.uleb128 0x1
 641 0327 9C       		.byte	0x9c
 642 0328 53030000 		.4byte	0x353
 643 032c 10       		.uleb128 0x10
 644 032d A5020000 		.4byte	.LASF51
 645 0331 01       		.byte	0x1
 646 0332 81       		.byte	0x81
 647 0333 B0010000 		.4byte	0x1b0
 648 0337 01       		.uleb128 0x1
 649 0338 50       		.byte	0x50
 650 0339 11       		.uleb128 0x11
 651 033a 796E00   		.ascii	"yn\000"
 652 033d 01       		.byte	0x1
 653 033e 81       		.byte	0x81
 654 033f F4000000 		.4byte	0xf4
 655 0343 01       		.uleb128 0x1
 656 0344 51       		.byte	0x51
 657 0345 10       		.uleb128 0x10
 658 0346 25000000 		.4byte	.LASF52
 659 034a 01       		.byte	0x1
 660 034b 81       		.byte	0x81
 661 034c B5010000 		.4byte	0x1b5
 662 0350 01       		.uleb128 0x1
 663 0351 52       		.byte	0x52
 664 0352 00       		.byte	0
 665 0353 12       		.uleb128 0x12
 666 0354 90000000 		.4byte	.LASF82
 667 0358 01       		.byte	0x1
 668 0359 95       		.byte	0x95
 669 035a 01       		.byte	0x1
 670 035b 6B030000 		.4byte	0x36b
 671 035f 13       		.uleb128 0x13
 672 0360 A5020000 		.4byte	.LASF51
 673 0364 01       		.byte	0x1
 674 0365 95       		.byte	0x95
 675 0366 B0010000 		.4byte	0x1b0
 676 036a 00       		.byte	0
 677 036b 14       		.uleb128 0x14
 678 036c 53030000 		.4byte	0x353
 679 0370 02000000 		.4byte	.LFB244
 680 0374 02000000 		.4byte	.LFE244-.LFB244
ARM GAS  /tmp/ccnBlgpX.s 			page 13


 681 0378 01       		.uleb128 0x1
 682 0379 9C       		.byte	0x9c
 683 037a 86030000 		.4byte	0x386
 684 037e 15       		.uleb128 0x15
 685 037f 5F030000 		.4byte	0x35f
 686 0383 01       		.uleb128 0x1
 687 0384 50       		.byte	0x50
 688 0385 00       		.byte	0
 689 0386 0F       		.uleb128 0xf
 690 0387 E8040000 		.4byte	.LASF54
 691 038b 01       		.byte	0x1
 692 038c 9B       		.byte	0x9b
 693 038d 04000000 		.4byte	.LFB245
 694 0391 02000000 		.4byte	.LFE245-.LFB245
 695 0395 01       		.uleb128 0x1
 696 0396 9C       		.byte	0x9c
 697 0397 A9030000 		.4byte	0x3a9
 698 039b 10       		.uleb128 0x10
 699 039c 04010000 		.4byte	.LASF55
 700 03a0 01       		.byte	0x1
 701 03a1 9B       		.byte	0x9b
 702 03a2 9E000000 		.4byte	0x9e
 703 03a6 01       		.uleb128 0x1
 704 03a7 50       		.byte	0x50
 705 03a8 00       		.byte	0
 706 03a9 0F       		.uleb128 0xf
 707 03aa 29020000 		.4byte	.LASF56
 708 03ae 01       		.byte	0x1
 709 03af A1       		.byte	0xa1
 710 03b0 06000000 		.4byte	.LFB246
 711 03b4 02000000 		.4byte	.LFE246-.LFB246
 712 03b8 01       		.uleb128 0x1
 713 03b9 9C       		.byte	0x9c
 714 03ba D9030000 		.4byte	0x3d9
 715 03be 10       		.uleb128 0x10
 716 03bf 07020000 		.4byte	.LASF57
 717 03c3 01       		.byte	0x1
 718 03c4 A1       		.byte	0xa1
 719 03c5 9E000000 		.4byte	0x9e
 720 03c9 01       		.uleb128 0x1
 721 03ca 50       		.byte	0x50
 722 03cb 10       		.uleb128 0x10
 723 03cc 04010000 		.4byte	.LASF55
 724 03d0 01       		.byte	0x1
 725 03d1 A1       		.byte	0xa1
 726 03d2 9E000000 		.4byte	0x9e
 727 03d6 01       		.uleb128 0x1
 728 03d7 51       		.byte	0x51
 729 03d8 00       		.byte	0
 730 03d9 0F       		.uleb128 0xf
 731 03da 2C000000 		.4byte	.LASF58
 732 03de 01       		.byte	0x1
 733 03df 7A       		.byte	0x7a
 734 03e0 0C000000 		.4byte	.LFB240
 735 03e4 02000000 		.4byte	.LFE240-.LFB240
 736 03e8 01       		.uleb128 0x1
 737 03e9 9C       		.byte	0x9c
ARM GAS  /tmp/ccnBlgpX.s 			page 14


 738 03ea 09040000 		.4byte	0x409
 739 03ee 10       		.uleb128 0x10
 740 03ef 39040000 		.4byte	.LASF40
 741 03f3 01       		.byte	0x1
 742 03f4 7A       		.byte	0x7a
 743 03f5 B4000000 		.4byte	0xb4
 744 03f9 01       		.uleb128 0x1
 745 03fa 50       		.byte	0x50
 746 03fb 11       		.uleb128 0x11
 747 03fc 61706900 		.ascii	"api\000"
 748 0400 01       		.byte	0x1
 749 0401 7A       		.byte	0x7a
 750 0402 B4000000 		.4byte	0xb4
 751 0406 01       		.uleb128 0x1
 752 0407 51       		.byte	0x51
 753 0408 00       		.byte	0
 754 0409 16       		.uleb128 0x16
 755 040a 4A000000 		.4byte	.LASF59
 756 040e 01       		.byte	0x1
 757 040f 64       		.byte	0x64
 758 0410 0E000000 		.4byte	.LFB239
 759 0414 52000000 		.4byte	.LFE239-.LFB239
 760 0418 01       		.uleb128 0x1
 761 0419 9C       		.byte	0x9c
 762 041a AC040000 		.4byte	0x4ac
 763 041e 17       		.uleb128 0x17
 764 041f 39040000 		.4byte	.LASF40
 765 0423 01       		.byte	0x1
 766 0424 64       		.byte	0x64
 767 0425 B4000000 		.4byte	0xb4
 768 0429 00000000 		.4byte	.LLST0
 769 042d 18       		.uleb128 0x18
 770 042e 61706900 		.ascii	"api\000"
 771 0432 01       		.byte	0x1
 772 0433 64       		.byte	0x64
 773 0434 B4000000 		.4byte	0xb4
 774 0438 2C000000 		.4byte	.LLST1
 775 043c 19       		.uleb128 0x19
 776 043d 0C040000 		.4byte	.LASF62
 777 0441 01       		.byte	0x1
 778 0442 67       		.byte	0x67
 779 0443 B2040000 		.4byte	0x4b2
 780 0447 58000000 		.4byte	.LLST2
 781 044b 1A       		.uleb128 0x1a
 782 044c E4030000 		.4byte	.LASF60
 783 0450 01       		.byte	0x1
 784 0451 68       		.byte	0x68
 785 0452 C2040000 		.4byte	0x4c2
 786 0456 1A       		.uleb128 0x1a
 787 0457 66040000 		.4byte	.LASF61
 788 045b 01       		.byte	0x1
 789 045c 6E       		.byte	0x6e
 790 045d C7040000 		.4byte	0x4c7
 791 0461 1B       		.uleb128 0x1b
 792 0462 2E000000 		.4byte	.LBB2
 793 0466 14000000 		.4byte	.LBE2-.LBB2
 794 046a 95040000 		.4byte	0x495
ARM GAS  /tmp/ccnBlgpX.s 			page 15


 795 046e 1C       		.uleb128 0x1c
 796 046f 6900     		.ascii	"i\000"
 797 0471 01       		.byte	0x1
 798 0472 6F       		.byte	0x6f
 799 0473 BF000000 		.4byte	0xbf
 800 0477 87000000 		.4byte	.LLST3
 801 047b 1D       		.uleb128 0x1d
 802 047c 36000000 		.4byte	.LBB3
 803 0480 08000000 		.4byte	.LBE3-.LBB3
 804 0484 19       		.uleb128 0x19
 805 0485 0D020000 		.4byte	.LASF63
 806 0489 01       		.byte	0x1
 807 048a 70       		.byte	0x70
 808 048b 0C030000 		.4byte	0x30c
 809 048f A6000000 		.4byte	.LLST4
 810 0493 00       		.byte	0
 811 0494 00       		.byte	0
 812 0495 1E       		.uleb128 0x1e
 813 0496 4A000000 		.4byte	.LVL15
 814 049a D9030000 		.4byte	0x3d9
 815 049e 1F       		.uleb128 0x1f
 816 049f 01       		.uleb128 0x1
 817 04a0 50       		.byte	0x50
 818 04a1 02       		.uleb128 0x2
 819 04a2 77       		.byte	0x77
 820 04a3 00       		.sleb128 0
 821 04a4 1F       		.uleb128 0x1f
 822 04a5 01       		.uleb128 0x1
 823 04a6 51       		.byte	0x51
 824 04a7 02       		.uleb128 0x2
 825 04a8 78       		.byte	0x78
 826 04a9 00       		.sleb128 0
 827 04aa 00       		.byte	0
 828 04ab 00       		.byte	0
 829 04ac 05       		.uleb128 0x5
 830 04ad 04       		.byte	0x4
 831 04ae 93000000 		.4byte	0x93
 832 04b2 20       		.uleb128 0x20
 833 04b3 AC040000 		.4byte	0x4ac
 834 04b7 05       		.uleb128 0x5
 835 04b8 04       		.byte	0x4
 836 04b9 BD040000 		.4byte	0x4bd
 837 04bd 0D       		.uleb128 0xd
 838 04be 93000000 		.4byte	0x93
 839 04c2 0D       		.uleb128 0xd
 840 04c3 B7040000 		.4byte	0x4b7
 841 04c7 0D       		.uleb128 0xd
 842 04c8 BF000000 		.4byte	0xbf
 843 04cc 21       		.uleb128 0x21
 844 04cd 79030000 		.4byte	.LASF64
 845 04d1 01       		.byte	0x1
 846 04d2 49       		.byte	0x49
 847 04d3 DD040000 		.4byte	0x4dd
 848 04d7 05       		.uleb128 0x5
 849 04d8 03       		.byte	0x3
 850 04d9 00000000 		.4byte	s_hook_table
 851 04dd 0D       		.uleb128 0xd
ARM GAS  /tmp/ccnBlgpX.s 			page 16


 852 04de 01030000 		.4byte	0x301
 853 04e2 09       		.uleb128 0x9
 854 04e3 F2040000 		.4byte	0x4f2
 855 04e7 F2040000 		.4byte	0x4f2
 856 04eb 0A       		.uleb128 0xa
 857 04ec D1000000 		.4byte	0xd1
 858 04f0 97       		.byte	0x97
 859 04f1 00       		.byte	0
 860 04f2 0D       		.uleb128 0xd
 861 04f3 ED000000 		.4byte	0xed
 862 04f7 22       		.uleb128 0x22
 863 04f8 08030000 		.4byte	.LASF65
 864 04fc 06       		.byte	0x6
 865 04fd 67       		.byte	0x67
 866 04fe 02050000 		.4byte	0x502
 867 0502 0D       		.uleb128 0xd
 868 0503 E2040000 		.4byte	0x4e2
 869 0507 09       		.uleb128 0x9
 870 0508 F2040000 		.4byte	0x4f2
 871 050c 17050000 		.4byte	0x517
 872 0510 0A       		.uleb128 0xa
 873 0511 D1000000 		.4byte	0xd1
 874 0515 80       		.byte	0x80
 875 0516 00       		.byte	0
 876 0517 22       		.uleb128 0x22
 877 0518 AE030000 		.4byte	.LASF66
 878 051c 06       		.byte	0x6
 879 051d 94       		.byte	0x94
 880 051e 22050000 		.4byte	0x522
 881 0522 0D       		.uleb128 0xd
 882 0523 07050000 		.4byte	0x507
 883 0527 09       		.uleb128 0x9
 884 0528 F2040000 		.4byte	0x4f2
 885 052c 38050000 		.4byte	0x538
 886 0530 23       		.uleb128 0x23
 887 0531 D1000000 		.4byte	0xd1
 888 0535 8603     		.2byte	0x386
 889 0537 00       		.byte	0
 890 0538 22       		.uleb128 0x22
 891 0539 23040000 		.4byte	.LASF67
 892 053d 06       		.byte	0x6
 893 053e C6       		.byte	0xc6
 894 053f 43050000 		.4byte	0x543
 895 0543 0D       		.uleb128 0xd
 896 0544 27050000 		.4byte	0x527
 897 0548 24       		.uleb128 0x24
 898 0549 00000000 		.4byte	.LASF68
 899 054d 06       		.byte	0x6
 900 054e 3801     		.2byte	0x138
 901 0550 54050000 		.4byte	0x554
 902 0554 0D       		.uleb128 0xd
 903 0555 27050000 		.4byte	0x527
 904 0559 24       		.uleb128 0x24
 905 055a 79020000 		.4byte	.LASF69
 906 055e 06       		.byte	0x6
 907 055f AB01     		.2byte	0x1ab
 908 0561 65050000 		.4byte	0x565
ARM GAS  /tmp/ccnBlgpX.s 			page 17


 909 0565 0D       		.uleb128 0xd
 910 0566 27050000 		.4byte	0x527
 911 056a 09       		.uleb128 0x9
 912 056b F2040000 		.4byte	0x4f2
 913 056f 7B050000 		.4byte	0x57b
 914 0573 23       		.uleb128 0x23
 915 0574 D1000000 		.4byte	0xd1
 916 0578 0001     		.2byte	0x100
 917 057a 00       		.byte	0
 918 057b 24       		.uleb128 0x24
 919 057c 90020000 		.4byte	.LASF70
 920 0580 06       		.byte	0x6
 921 0581 4C02     		.2byte	0x24c
 922 0583 87050000 		.4byte	0x587
 923 0587 0D       		.uleb128 0xd
 924 0588 6A050000 		.4byte	0x56a
 925 058c 24       		.uleb128 0x24
 926 058d 00040000 		.4byte	.LASF71
 927 0591 06       		.byte	0x6
 928 0592 6302     		.2byte	0x263
 929 0594 98050000 		.4byte	0x598
 930 0598 0D       		.uleb128 0xd
 931 0599 6A050000 		.4byte	0x56a
 932 059d 24       		.uleb128 0x24
 933 059e B2040000 		.4byte	.LASF72
 934 05a2 06       		.byte	0x6
 935 05a3 7B02     		.2byte	0x27b
 936 05a5 A9050000 		.4byte	0x5a9
 937 05a9 0D       		.uleb128 0xd
 938 05aa 6A050000 		.4byte	0x56a
 939 05ae 24       		.uleb128 0x24
 940 05af 6D000000 		.4byte	.LASF73
 941 05b3 06       		.byte	0x6
 942 05b4 AA02     		.2byte	0x2aa
 943 05b6 BA050000 		.4byte	0x5ba
 944 05ba 0D       		.uleb128 0xd
 945 05bb 07050000 		.4byte	0x507
 946 05bf 24       		.uleb128 0x24
 947 05c0 1A020000 		.4byte	.LASF74
 948 05c4 06       		.byte	0x6
 949 05c5 BF02     		.2byte	0x2bf
 950 05c7 CB050000 		.4byte	0x5cb
 951 05cb 0D       		.uleb128 0xd
 952 05cc 07050000 		.4byte	0x507
 953 05d0 24       		.uleb128 0x24
 954 05d1 9B000000 		.4byte	.LASF75
 955 05d5 06       		.byte	0x6
 956 05d6 DC02     		.2byte	0x2dc
 957 05d8 DC050000 		.4byte	0x5dc
 958 05dc 0D       		.uleb128 0xd
 959 05dd 07050000 		.4byte	0x507
 960 05e1 22       		.uleb128 0x22
 961 05e2 C8040000 		.4byte	.LASF76
 962 05e6 01       		.byte	0x1
 963 05e7 35       		.byte	0x35
 964 05e8 93000000 		.4byte	0x93
 965 05ec 22       		.uleb128 0x22
ARM GAS  /tmp/ccnBlgpX.s 			page 18


 966 05ed 30040000 		.4byte	.LASF77
 967 05f1 01       		.byte	0x1
 968 05f2 36       		.byte	0x36
 969 05f3 93000000 		.4byte	0x93
 970 05f7 09       		.uleb128 0x9
 971 05f8 DF000000 		.4byte	0xdf
 972 05fc 02060000 		.4byte	0x602
 973 0600 25       		.uleb128 0x25
 974 0601 00       		.byte	0
 975 0602 22       		.uleb128 0x22
 976 0603 F5020000 		.4byte	.LASF78
 977 0607 01       		.byte	0x1
 978 0608 38       		.byte	0x38
 979 0609 F7050000 		.4byte	0x5f7
 980 060d 22       		.uleb128 0x22
 981 060e CA020000 		.4byte	.LASF79
 982 0612 01       		.byte	0x1
 983 0613 39       		.byte	0x39
 984 0614 F7050000 		.4byte	0x5f7
 985 0618 00       		.byte	0
 986              		.section	.debug_abbrev,"",%progbits
 987              	.Ldebug_abbrev0:
 988 0000 01       		.uleb128 0x1
 989 0001 11       		.uleb128 0x11
 990 0002 01       		.byte	0x1
 991 0003 25       		.uleb128 0x25
 992 0004 0E       		.uleb128 0xe
 993 0005 13       		.uleb128 0x13
 994 0006 0B       		.uleb128 0xb
 995 0007 03       		.uleb128 0x3
 996 0008 0E       		.uleb128 0xe
 997 0009 11       		.uleb128 0x11
 998 000a 01       		.uleb128 0x1
 999 000b 12       		.uleb128 0x12
 1000 000c 06       		.uleb128 0x6
 1001 000d 10       		.uleb128 0x10
 1002 000e 17       		.uleb128 0x17
 1003 000f 00       		.byte	0
 1004 0010 00       		.byte	0
 1005 0011 02       		.uleb128 0x2
 1006 0012 24       		.uleb128 0x24
 1007 0013 00       		.byte	0
 1008 0014 0B       		.uleb128 0xb
 1009 0015 0B       		.uleb128 0xb
 1010 0016 3E       		.uleb128 0x3e
 1011 0017 0B       		.uleb128 0xb
 1012 0018 03       		.uleb128 0x3
 1013 0019 0E       		.uleb128 0xe
 1014 001a 00       		.byte	0
 1015 001b 00       		.byte	0
 1016 001c 03       		.uleb128 0x3
 1017 001d 16       		.uleb128 0x16
 1018 001e 00       		.byte	0
 1019 001f 03       		.uleb128 0x3
 1020 0020 0E       		.uleb128 0xe
 1021 0021 3A       		.uleb128 0x3a
 1022 0022 0B       		.uleb128 0xb
ARM GAS  /tmp/ccnBlgpX.s 			page 19


 1023 0023 3B       		.uleb128 0x3b
 1024 0024 0B       		.uleb128 0xb
 1025 0025 49       		.uleb128 0x49
 1026 0026 13       		.uleb128 0x13
 1027 0027 00       		.byte	0
 1028 0028 00       		.byte	0
 1029 0029 04       		.uleb128 0x4
 1030 002a 24       		.uleb128 0x24
 1031 002b 00       		.byte	0
 1032 002c 0B       		.uleb128 0xb
 1033 002d 0B       		.uleb128 0xb
 1034 002e 3E       		.uleb128 0x3e
 1035 002f 0B       		.uleb128 0xb
 1036 0030 03       		.uleb128 0x3
 1037 0031 08       		.uleb128 0x8
 1038 0032 00       		.byte	0
 1039 0033 00       		.byte	0
 1040 0034 05       		.uleb128 0x5
 1041 0035 0F       		.uleb128 0xf
 1042 0036 00       		.byte	0
 1043 0037 0B       		.uleb128 0xb
 1044 0038 0B       		.uleb128 0xb
 1045 0039 49       		.uleb128 0x49
 1046 003a 13       		.uleb128 0x13
 1047 003b 00       		.byte	0
 1048 003c 00       		.byte	0
 1049 003d 06       		.uleb128 0x6
 1050 003e 15       		.uleb128 0x15
 1051 003f 00       		.byte	0
 1052 0040 27       		.uleb128 0x27
 1053 0041 19       		.uleb128 0x19
 1054 0042 00       		.byte	0
 1055 0043 00       		.byte	0
 1056 0044 07       		.uleb128 0x7
 1057 0045 13       		.uleb128 0x13
 1058 0046 01       		.byte	0x1
 1059 0047 03       		.uleb128 0x3
 1060 0048 0E       		.uleb128 0xe
 1061 0049 0B       		.uleb128 0xb
 1062 004a 0B       		.uleb128 0xb
 1063 004b 3A       		.uleb128 0x3a
 1064 004c 0B       		.uleb128 0xb
 1065 004d 3B       		.uleb128 0x3b
 1066 004e 0B       		.uleb128 0xb
 1067 004f 01       		.uleb128 0x1
 1068 0050 13       		.uleb128 0x13
 1069 0051 00       		.byte	0
 1070 0052 00       		.byte	0
 1071 0053 08       		.uleb128 0x8
 1072 0054 0D       		.uleb128 0xd
 1073 0055 00       		.byte	0
 1074 0056 03       		.uleb128 0x3
 1075 0057 0E       		.uleb128 0xe
 1076 0058 3A       		.uleb128 0x3a
 1077 0059 0B       		.uleb128 0xb
 1078 005a 3B       		.uleb128 0x3b
 1079 005b 0B       		.uleb128 0xb
ARM GAS  /tmp/ccnBlgpX.s 			page 20


 1080 005c 49       		.uleb128 0x49
 1081 005d 13       		.uleb128 0x13
 1082 005e 38       		.uleb128 0x38
 1083 005f 0B       		.uleb128 0xb
 1084 0060 00       		.byte	0
 1085 0061 00       		.byte	0
 1086 0062 09       		.uleb128 0x9
 1087 0063 01       		.uleb128 0x1
 1088 0064 01       		.byte	0x1
 1089 0065 49       		.uleb128 0x49
 1090 0066 13       		.uleb128 0x13
 1091 0067 01       		.uleb128 0x1
 1092 0068 13       		.uleb128 0x13
 1093 0069 00       		.byte	0
 1094 006a 00       		.byte	0
 1095 006b 0A       		.uleb128 0xa
 1096 006c 21       		.uleb128 0x21
 1097 006d 00       		.byte	0
 1098 006e 49       		.uleb128 0x49
 1099 006f 13       		.uleb128 0x13
 1100 0070 2F       		.uleb128 0x2f
 1101 0071 0B       		.uleb128 0xb
 1102 0072 00       		.byte	0
 1103 0073 00       		.byte	0
 1104 0074 0B       		.uleb128 0xb
 1105 0075 15       		.uleb128 0x15
 1106 0076 01       		.byte	0x1
 1107 0077 27       		.uleb128 0x27
 1108 0078 19       		.uleb128 0x19
 1109 0079 01       		.uleb128 0x1
 1110 007a 13       		.uleb128 0x13
 1111 007b 00       		.byte	0
 1112 007c 00       		.byte	0
 1113 007d 0C       		.uleb128 0xc
 1114 007e 05       		.uleb128 0x5
 1115 007f 00       		.byte	0
 1116 0080 49       		.uleb128 0x49
 1117 0081 13       		.uleb128 0x13
 1118 0082 00       		.byte	0
 1119 0083 00       		.byte	0
 1120 0084 0D       		.uleb128 0xd
 1121 0085 26       		.uleb128 0x26
 1122 0086 00       		.byte	0
 1123 0087 49       		.uleb128 0x49
 1124 0088 13       		.uleb128 0x13
 1125 0089 00       		.byte	0
 1126 008a 00       		.byte	0
 1127 008b 0E       		.uleb128 0xe
 1128 008c 0D       		.uleb128 0xd
 1129 008d 00       		.byte	0
 1130 008e 03       		.uleb128 0x3
 1131 008f 08       		.uleb128 0x8
 1132 0090 3A       		.uleb128 0x3a
 1133 0091 0B       		.uleb128 0xb
 1134 0092 3B       		.uleb128 0x3b
 1135 0093 0B       		.uleb128 0xb
 1136 0094 49       		.uleb128 0x49
ARM GAS  /tmp/ccnBlgpX.s 			page 21


 1137 0095 13       		.uleb128 0x13
 1138 0096 38       		.uleb128 0x38
 1139 0097 0B       		.uleb128 0xb
 1140 0098 00       		.byte	0
 1141 0099 00       		.byte	0
 1142 009a 0F       		.uleb128 0xf
 1143 009b 2E       		.uleb128 0x2e
 1144 009c 01       		.byte	0x1
 1145 009d 3F       		.uleb128 0x3f
 1146 009e 19       		.uleb128 0x19
 1147 009f 03       		.uleb128 0x3
 1148 00a0 0E       		.uleb128 0xe
 1149 00a1 3A       		.uleb128 0x3a
 1150 00a2 0B       		.uleb128 0xb
 1151 00a3 3B       		.uleb128 0x3b
 1152 00a4 0B       		.uleb128 0xb
 1153 00a5 27       		.uleb128 0x27
 1154 00a6 19       		.uleb128 0x19
 1155 00a7 11       		.uleb128 0x11
 1156 00a8 01       		.uleb128 0x1
 1157 00a9 12       		.uleb128 0x12
 1158 00aa 06       		.uleb128 0x6
 1159 00ab 40       		.uleb128 0x40
 1160 00ac 18       		.uleb128 0x18
 1161 00ad 9742     		.uleb128 0x2117
 1162 00af 19       		.uleb128 0x19
 1163 00b0 01       		.uleb128 0x1
 1164 00b1 13       		.uleb128 0x13
 1165 00b2 00       		.byte	0
 1166 00b3 00       		.byte	0
 1167 00b4 10       		.uleb128 0x10
 1168 00b5 05       		.uleb128 0x5
 1169 00b6 00       		.byte	0
 1170 00b7 03       		.uleb128 0x3
 1171 00b8 0E       		.uleb128 0xe
 1172 00b9 3A       		.uleb128 0x3a
 1173 00ba 0B       		.uleb128 0xb
 1174 00bb 3B       		.uleb128 0x3b
 1175 00bc 0B       		.uleb128 0xb
 1176 00bd 49       		.uleb128 0x49
 1177 00be 13       		.uleb128 0x13
 1178 00bf 02       		.uleb128 0x2
 1179 00c0 18       		.uleb128 0x18
 1180 00c1 00       		.byte	0
 1181 00c2 00       		.byte	0
 1182 00c3 11       		.uleb128 0x11
 1183 00c4 05       		.uleb128 0x5
 1184 00c5 00       		.byte	0
 1185 00c6 03       		.uleb128 0x3
 1186 00c7 08       		.uleb128 0x8
 1187 00c8 3A       		.uleb128 0x3a
 1188 00c9 0B       		.uleb128 0xb
 1189 00ca 3B       		.uleb128 0x3b
 1190 00cb 0B       		.uleb128 0xb
 1191 00cc 49       		.uleb128 0x49
 1192 00cd 13       		.uleb128 0x13
 1193 00ce 02       		.uleb128 0x2
ARM GAS  /tmp/ccnBlgpX.s 			page 22


 1194 00cf 18       		.uleb128 0x18
 1195 00d0 00       		.byte	0
 1196 00d1 00       		.byte	0
 1197 00d2 12       		.uleb128 0x12
 1198 00d3 2E       		.uleb128 0x2e
 1199 00d4 01       		.byte	0x1
 1200 00d5 3F       		.uleb128 0x3f
 1201 00d6 19       		.uleb128 0x19
 1202 00d7 03       		.uleb128 0x3
 1203 00d8 0E       		.uleb128 0xe
 1204 00d9 3A       		.uleb128 0x3a
 1205 00da 0B       		.uleb128 0xb
 1206 00db 3B       		.uleb128 0x3b
 1207 00dc 0B       		.uleb128 0xb
 1208 00dd 27       		.uleb128 0x27
 1209 00de 19       		.uleb128 0x19
 1210 00df 20       		.uleb128 0x20
 1211 00e0 0B       		.uleb128 0xb
 1212 00e1 01       		.uleb128 0x1
 1213 00e2 13       		.uleb128 0x13
 1214 00e3 00       		.byte	0
 1215 00e4 00       		.byte	0
 1216 00e5 13       		.uleb128 0x13
 1217 00e6 05       		.uleb128 0x5
 1218 00e7 00       		.byte	0
 1219 00e8 03       		.uleb128 0x3
 1220 00e9 0E       		.uleb128 0xe
 1221 00ea 3A       		.uleb128 0x3a
 1222 00eb 0B       		.uleb128 0xb
 1223 00ec 3B       		.uleb128 0x3b
 1224 00ed 0B       		.uleb128 0xb
 1225 00ee 49       		.uleb128 0x49
 1226 00ef 13       		.uleb128 0x13
 1227 00f0 00       		.byte	0
 1228 00f1 00       		.byte	0
 1229 00f2 14       		.uleb128 0x14
 1230 00f3 2E       		.uleb128 0x2e
 1231 00f4 01       		.byte	0x1
 1232 00f5 31       		.uleb128 0x31
 1233 00f6 13       		.uleb128 0x13
 1234 00f7 11       		.uleb128 0x11
 1235 00f8 01       		.uleb128 0x1
 1236 00f9 12       		.uleb128 0x12
 1237 00fa 06       		.uleb128 0x6
 1238 00fb 40       		.uleb128 0x40
 1239 00fc 18       		.uleb128 0x18
 1240 00fd 9742     		.uleb128 0x2117
 1241 00ff 19       		.uleb128 0x19
 1242 0100 01       		.uleb128 0x1
 1243 0101 13       		.uleb128 0x13
 1244 0102 00       		.byte	0
 1245 0103 00       		.byte	0
 1246 0104 15       		.uleb128 0x15
 1247 0105 05       		.uleb128 0x5
 1248 0106 00       		.byte	0
 1249 0107 31       		.uleb128 0x31
 1250 0108 13       		.uleb128 0x13
ARM GAS  /tmp/ccnBlgpX.s 			page 23


 1251 0109 02       		.uleb128 0x2
 1252 010a 18       		.uleb128 0x18
 1253 010b 00       		.byte	0
 1254 010c 00       		.byte	0
 1255 010d 16       		.uleb128 0x16
 1256 010e 2E       		.uleb128 0x2e
 1257 010f 01       		.byte	0x1
 1258 0110 3F       		.uleb128 0x3f
 1259 0111 19       		.uleb128 0x19
 1260 0112 03       		.uleb128 0x3
 1261 0113 0E       		.uleb128 0xe
 1262 0114 3A       		.uleb128 0x3a
 1263 0115 0B       		.uleb128 0xb
 1264 0116 3B       		.uleb128 0x3b
 1265 0117 0B       		.uleb128 0xb
 1266 0118 27       		.uleb128 0x27
 1267 0119 19       		.uleb128 0x19
 1268 011a 11       		.uleb128 0x11
 1269 011b 01       		.uleb128 0x1
 1270 011c 12       		.uleb128 0x12
 1271 011d 06       		.uleb128 0x6
 1272 011e 40       		.uleb128 0x40
 1273 011f 18       		.uleb128 0x18
 1274 0120 9642     		.uleb128 0x2116
 1275 0122 19       		.uleb128 0x19
 1276 0123 01       		.uleb128 0x1
 1277 0124 13       		.uleb128 0x13
 1278 0125 00       		.byte	0
 1279 0126 00       		.byte	0
 1280 0127 17       		.uleb128 0x17
 1281 0128 05       		.uleb128 0x5
 1282 0129 00       		.byte	0
 1283 012a 03       		.uleb128 0x3
 1284 012b 0E       		.uleb128 0xe
 1285 012c 3A       		.uleb128 0x3a
 1286 012d 0B       		.uleb128 0xb
 1287 012e 3B       		.uleb128 0x3b
 1288 012f 0B       		.uleb128 0xb
 1289 0130 49       		.uleb128 0x49
 1290 0131 13       		.uleb128 0x13
 1291 0132 02       		.uleb128 0x2
 1292 0133 17       		.uleb128 0x17
 1293 0134 00       		.byte	0
 1294 0135 00       		.byte	0
 1295 0136 18       		.uleb128 0x18
 1296 0137 05       		.uleb128 0x5
 1297 0138 00       		.byte	0
 1298 0139 03       		.uleb128 0x3
 1299 013a 08       		.uleb128 0x8
 1300 013b 3A       		.uleb128 0x3a
 1301 013c 0B       		.uleb128 0xb
 1302 013d 3B       		.uleb128 0x3b
 1303 013e 0B       		.uleb128 0xb
 1304 013f 49       		.uleb128 0x49
 1305 0140 13       		.uleb128 0x13
 1306 0141 02       		.uleb128 0x2
 1307 0142 17       		.uleb128 0x17
ARM GAS  /tmp/ccnBlgpX.s 			page 24


 1308 0143 00       		.byte	0
 1309 0144 00       		.byte	0
 1310 0145 19       		.uleb128 0x19
 1311 0146 34       		.uleb128 0x34
 1312 0147 00       		.byte	0
 1313 0148 03       		.uleb128 0x3
 1314 0149 0E       		.uleb128 0xe
 1315 014a 3A       		.uleb128 0x3a
 1316 014b 0B       		.uleb128 0xb
 1317 014c 3B       		.uleb128 0x3b
 1318 014d 0B       		.uleb128 0xb
 1319 014e 49       		.uleb128 0x49
 1320 014f 13       		.uleb128 0x13
 1321 0150 02       		.uleb128 0x2
 1322 0151 17       		.uleb128 0x17
 1323 0152 00       		.byte	0
 1324 0153 00       		.byte	0
 1325 0154 1A       		.uleb128 0x1a
 1326 0155 34       		.uleb128 0x34
 1327 0156 00       		.byte	0
 1328 0157 03       		.uleb128 0x3
 1329 0158 0E       		.uleb128 0xe
 1330 0159 3A       		.uleb128 0x3a
 1331 015a 0B       		.uleb128 0xb
 1332 015b 3B       		.uleb128 0x3b
 1333 015c 0B       		.uleb128 0xb
 1334 015d 49       		.uleb128 0x49
 1335 015e 13       		.uleb128 0x13
 1336 015f 00       		.byte	0
 1337 0160 00       		.byte	0
 1338 0161 1B       		.uleb128 0x1b
 1339 0162 0B       		.uleb128 0xb
 1340 0163 01       		.byte	0x1
 1341 0164 11       		.uleb128 0x11
 1342 0165 01       		.uleb128 0x1
 1343 0166 12       		.uleb128 0x12
 1344 0167 06       		.uleb128 0x6
 1345 0168 01       		.uleb128 0x1
 1346 0169 13       		.uleb128 0x13
 1347 016a 00       		.byte	0
 1348 016b 00       		.byte	0
 1349 016c 1C       		.uleb128 0x1c
 1350 016d 34       		.uleb128 0x34
 1351 016e 00       		.byte	0
 1352 016f 03       		.uleb128 0x3
 1353 0170 08       		.uleb128 0x8
 1354 0171 3A       		.uleb128 0x3a
 1355 0172 0B       		.uleb128 0xb
 1356 0173 3B       		.uleb128 0x3b
 1357 0174 0B       		.uleb128 0xb
 1358 0175 49       		.uleb128 0x49
 1359 0176 13       		.uleb128 0x13
 1360 0177 02       		.uleb128 0x2
 1361 0178 17       		.uleb128 0x17
 1362 0179 00       		.byte	0
 1363 017a 00       		.byte	0
 1364 017b 1D       		.uleb128 0x1d
ARM GAS  /tmp/ccnBlgpX.s 			page 25


 1365 017c 0B       		.uleb128 0xb
 1366 017d 01       		.byte	0x1
 1367 017e 11       		.uleb128 0x11
 1368 017f 01       		.uleb128 0x1
 1369 0180 12       		.uleb128 0x12
 1370 0181 06       		.uleb128 0x6
 1371 0182 00       		.byte	0
 1372 0183 00       		.byte	0
 1373 0184 1E       		.uleb128 0x1e
 1374 0185 898201   		.uleb128 0x4109
 1375 0188 01       		.byte	0x1
 1376 0189 11       		.uleb128 0x11
 1377 018a 01       		.uleb128 0x1
 1378 018b 31       		.uleb128 0x31
 1379 018c 13       		.uleb128 0x13
 1380 018d 00       		.byte	0
 1381 018e 00       		.byte	0
 1382 018f 1F       		.uleb128 0x1f
 1383 0190 8A8201   		.uleb128 0x410a
 1384 0193 00       		.byte	0
 1385 0194 02       		.uleb128 0x2
 1386 0195 18       		.uleb128 0x18
 1387 0196 9142     		.uleb128 0x2111
 1388 0198 18       		.uleb128 0x18
 1389 0199 00       		.byte	0
 1390 019a 00       		.byte	0
 1391 019b 20       		.uleb128 0x20
 1392 019c 37       		.uleb128 0x37
 1393 019d 00       		.byte	0
 1394 019e 49       		.uleb128 0x49
 1395 019f 13       		.uleb128 0x13
 1396 01a0 00       		.byte	0
 1397 01a1 00       		.byte	0
 1398 01a2 21       		.uleb128 0x21
 1399 01a3 34       		.uleb128 0x34
 1400 01a4 00       		.byte	0
 1401 01a5 03       		.uleb128 0x3
 1402 01a6 0E       		.uleb128 0xe
 1403 01a7 3A       		.uleb128 0x3a
 1404 01a8 0B       		.uleb128 0xb
 1405 01a9 3B       		.uleb128 0x3b
 1406 01aa 0B       		.uleb128 0xb
 1407 01ab 49       		.uleb128 0x49
 1408 01ac 13       		.uleb128 0x13
 1409 01ad 02       		.uleb128 0x2
 1410 01ae 18       		.uleb128 0x18
 1411 01af 00       		.byte	0
 1412 01b0 00       		.byte	0
 1413 01b1 22       		.uleb128 0x22
 1414 01b2 34       		.uleb128 0x34
 1415 01b3 00       		.byte	0
 1416 01b4 03       		.uleb128 0x3
 1417 01b5 0E       		.uleb128 0xe
 1418 01b6 3A       		.uleb128 0x3a
 1419 01b7 0B       		.uleb128 0xb
 1420 01b8 3B       		.uleb128 0x3b
 1421 01b9 0B       		.uleb128 0xb
ARM GAS  /tmp/ccnBlgpX.s 			page 26


 1422 01ba 49       		.uleb128 0x49
 1423 01bb 13       		.uleb128 0x13
 1424 01bc 3F       		.uleb128 0x3f
 1425 01bd 19       		.uleb128 0x19
 1426 01be 3C       		.uleb128 0x3c
 1427 01bf 19       		.uleb128 0x19
 1428 01c0 00       		.byte	0
 1429 01c1 00       		.byte	0
 1430 01c2 23       		.uleb128 0x23
 1431 01c3 21       		.uleb128 0x21
 1432 01c4 00       		.byte	0
 1433 01c5 49       		.uleb128 0x49
 1434 01c6 13       		.uleb128 0x13
 1435 01c7 2F       		.uleb128 0x2f
 1436 01c8 05       		.uleb128 0x5
 1437 01c9 00       		.byte	0
 1438 01ca 00       		.byte	0
 1439 01cb 24       		.uleb128 0x24
 1440 01cc 34       		.uleb128 0x34
 1441 01cd 00       		.byte	0
 1442 01ce 03       		.uleb128 0x3
 1443 01cf 0E       		.uleb128 0xe
 1444 01d0 3A       		.uleb128 0x3a
 1445 01d1 0B       		.uleb128 0xb
 1446 01d2 3B       		.uleb128 0x3b
 1447 01d3 05       		.uleb128 0x5
 1448 01d4 49       		.uleb128 0x49
 1449 01d5 13       		.uleb128 0x13
 1450 01d6 3F       		.uleb128 0x3f
 1451 01d7 19       		.uleb128 0x19
 1452 01d8 3C       		.uleb128 0x3c
 1453 01d9 19       		.uleb128 0x19
 1454 01da 00       		.byte	0
 1455 01db 00       		.byte	0
 1456 01dc 25       		.uleb128 0x25
 1457 01dd 21       		.uleb128 0x21
 1458 01de 00       		.byte	0
 1459 01df 00       		.byte	0
 1460 01e0 00       		.byte	0
 1461 01e1 00       		.byte	0
 1462              		.section	.debug_loc,"",%progbits
 1463              	.Ldebug_loc0:
 1464              	.LLST0:
 1465 0000 0E000000 		.4byte	.LVL5-.Ltext0
 1466 0004 32000000 		.4byte	.LVL11-.Ltext0
 1467 0008 0100     		.2byte	0x1
 1468 000a 50       		.byte	0x50
 1469 000b 32000000 		.4byte	.LVL11-.Ltext0
 1470 000f 4E000000 		.4byte	.LVL16-.Ltext0
 1471 0013 0100     		.2byte	0x1
 1472 0015 57       		.byte	0x57
 1473 0016 4E000000 		.4byte	.LVL16-.Ltext0
 1474 001a 60000000 		.4byte	.LFE239-.Ltext0
 1475 001e 0400     		.2byte	0x4
 1476 0020 F3       		.byte	0xf3
 1477 0021 01       		.uleb128 0x1
 1478 0022 50       		.byte	0x50
ARM GAS  /tmp/ccnBlgpX.s 			page 27


 1479 0023 9F       		.byte	0x9f
 1480 0024 00000000 		.4byte	0
 1481 0028 00000000 		.4byte	0
 1482              	.LLST1:
 1483 002c 0E000000 		.4byte	.LVL5-.Ltext0
 1484 0030 1C000000 		.4byte	.LVL6-.Ltext0
 1485 0034 0100     		.2byte	0x1
 1486 0036 51       		.byte	0x51
 1487 0037 1C000000 		.4byte	.LVL6-.Ltext0
 1488 003b 4E000000 		.4byte	.LVL16-.Ltext0
 1489 003f 0100     		.2byte	0x1
 1490 0041 58       		.byte	0x58
 1491 0042 4E000000 		.4byte	.LVL16-.Ltext0
 1492 0046 60000000 		.4byte	.LFE239-.Ltext0
 1493 004a 0400     		.2byte	0x4
 1494 004c F3       		.byte	0xf3
 1495 004d 01       		.uleb128 0x1
 1496 004e 51       		.byte	0x51
 1497 004f 9F       		.byte	0x9f
 1498 0050 00000000 		.4byte	0
 1499 0054 00000000 		.4byte	0
 1500              	.LLST2:
 1501 0058 1C000000 		.4byte	.LVL6-.Ltext0
 1502 005c 20000000 		.4byte	.LVL7-.Ltext0
 1503 0060 0300     		.2byte	0x3
 1504 0062 73       		.byte	0x73
 1505 0063 01       		.sleb128 1
 1506 0064 9F       		.byte	0x9f
 1507 0065 20000000 		.4byte	.LVL7-.Ltext0
 1508 0069 24000000 		.4byte	.LVL8-.Ltext0
 1509 006d 0300     		.2byte	0x3
 1510 006f 73       		.byte	0x73
 1511 0070 02       		.sleb128 2
 1512 0071 9F       		.byte	0x9f
 1513 0072 24000000 		.4byte	.LVL8-.Ltext0
 1514 0076 28000000 		.4byte	.LVL10-.Ltext0
 1515 007a 0300     		.2byte	0x3
 1516 007c 73       		.byte	0x73
 1517 007d 01       		.sleb128 1
 1518 007e 9F       		.byte	0x9f
 1519 007f 00000000 		.4byte	0
 1520 0083 00000000 		.4byte	0
 1521              	.LLST3:
 1522 0087 26000000 		.4byte	.LVL9-.Ltext0
 1523 008b 32000000 		.4byte	.LVL11-.Ltext0
 1524 008f 0200     		.2byte	0x2
 1525 0091 30       		.byte	0x30
 1526 0092 9F       		.byte	0x9f
 1527 0093 32000000 		.4byte	.LVL11-.Ltext0
 1528 0097 4E000000 		.4byte	.LVL16-.Ltext0
 1529 009b 0100     		.2byte	0x1
 1530 009d 55       		.byte	0x55
 1531 009e 00000000 		.4byte	0
 1532 00a2 00000000 		.4byte	0
 1533              	.LLST4:
 1534 00a6 3A000000 		.4byte	.LVL12-.Ltext0
 1535 00aa 3D000000 		.4byte	.LVL13-1-.Ltext0
ARM GAS  /tmp/ccnBlgpX.s 			page 28


 1536 00ae 0100     		.2byte	0x1
 1537 00b0 53       		.byte	0x53
 1538 00b1 00000000 		.4byte	0
 1539 00b5 00000000 		.4byte	0
 1540              		.section	.debug_aranges,"",%progbits
 1541 0000 1C000000 		.4byte	0x1c
 1542 0004 0200     		.2byte	0x2
 1543 0006 00000000 		.4byte	.Ldebug_info0
 1544 000a 04       		.byte	0x4
 1545 000b 00       		.byte	0
 1546 000c 0000     		.2byte	0
 1547 000e 0000     		.2byte	0
 1548 0010 00000000 		.4byte	.Ltext0
 1549 0014 60000000 		.4byte	.Letext0-.Ltext0
 1550 0018 00000000 		.4byte	0
 1551 001c 00000000 		.4byte	0
 1552              		.section	.debug_line,"",%progbits
 1553              	.Ldebug_line0:
 1554 0000 6E020000 		.section	.debug_str,"MS",%progbits,1
 1554      02003702 
 1554      00000201 
 1554      FB0E0D00 
 1554      01010101 
 1555              	.LASF68:
 1556 0000 77745F73 		.ascii	"wt_sqr_lut_f\000"
 1556      71725F6C 
 1556      75745F66 
 1556      00
 1557              	.LASF30:
 1558 000d 55736572 		.ascii	"UserOscFuncCycle\000"
 1558      4F736346 
 1558      756E6343 
 1558      79636C65 
 1558      00
 1559              	.LASF25:
 1560 001e 6375746F 		.ascii	"cutoff\000"
 1560      666600
 1561              	.LASF52:
 1562 0025 6672616D 		.ascii	"frames\000"
 1562      657300
 1563              	.LASF58:
 1564 002c 5F686F6F 		.ascii	"_hook_init\000"
 1564      6B5F696E 
 1564      697400
 1565              	.LASF23:
 1566 0037 73686170 		.ascii	"shape_lfo\000"
 1566      655F6C66 
 1566      6F00
 1567              	.LASF44:
 1568 0041 66756E63 		.ascii	"func_off\000"
 1568      5F6F6666 
 1568      00
 1569              	.LASF59:
 1570 004a 5F656E74 		.ascii	"_entry\000"
 1570      727900
 1571              	.LASF2:
 1572 0051 73686F72 		.ascii	"short int\000"
ARM GAS  /tmp/ccnBlgpX.s 			page 29


 1572      7420696E 
 1572      7400
 1573              	.LASF17:
 1574 005b 73697A65 		.ascii	"size_t\000"
 1574      5F7400
 1575              	.LASF42:
 1576 0062 66756E63 		.ascii	"func_cycle\000"
 1576      5F637963 
 1576      6C6500
 1577              	.LASF73:
 1578 006d 63756269 		.ascii	"cubicsat_lut_f\000"
 1578      63736174 
 1578      5F6C7574 
 1578      5F6600
 1579              	.LASF38:
 1580 007c 75736572 		.ascii	"user_osc_hook_table\000"
 1580      5F6F7363 
 1580      5F686F6F 
 1580      6B5F7461 
 1580      626C6500 
 1581              	.LASF82:
 1582 0090 5F686F6F 		.ascii	"_hook_mute\000"
 1582      6B5F6D75 
 1582      746500
 1583              	.LASF75:
 1584 009b 62697472 		.ascii	"bitres_lut_f\000"
 1584      65735F6C 
 1584      75745F66 
 1584      00
 1585              	.LASF4:
 1586 00a8 5F5F7569 		.ascii	"__uint16_t\000"
 1586      6E743136 
 1586      5F7400
 1587              	.LASF81:
 1588 00b3 2F686F6D 		.ascii	"/home/horkheimer/coding/nts1/logue-sdk/platform/nut"
 1588      652F686F 
 1588      726B6865 
 1588      696D6572 
 1588      2F636F64 
 1589 00e6 656B742D 		.ascii	"ekt-digital/waves/tpl/_unit.c\000"
 1589      64696769 
 1589      74616C2F 
 1589      77617665 
 1589      732F7470 
 1590              	.LASF55:
 1591 0104 76616C75 		.ascii	"value\000"
 1591      6500
 1592              	.LASF80:
 1593 010a 474E5520 		.ascii	"GNU C11 5.4.1 20160919 (release) [ARM/embedded-5-br"
 1593      43313120 
 1593      352E342E 
 1593      31203230 
 1593      31363039 
 1594 013d 616E6368 		.ascii	"anch revision 240496] -mcpu=cortex-m4 -mthumb -mno-"
 1594      20726576 
 1594      6973696F 
 1594      6E203234 
ARM GAS  /tmp/ccnBlgpX.s 			page 30


 1594      30343936 
 1595 0170 7468756D 		.ascii	"thumb-interwork -mlittle-endian -mfloat-abi=hard -m"
 1595      622D696E 
 1595      74657277 
 1595      6F726B20 
 1595      2D6D6C69 
 1596 01a3 6670753D 		.ascii	"fpu=fpv4-sp-d16 -mstructure-size-boundary=8 -g -Os "
 1596      66707634 
 1596      2D73702D 
 1596      64313620 
 1596      2D6D7374 
 1597 01d6 2D737464 		.ascii	"-std=c11 -fsingle-precision-constant -fcheck-new\000"
 1597      3D633131 
 1597      202D6673 
 1597      696E676C 
 1597      652D7072 
 1598              	.LASF57:
 1599 0207 696E6465 		.ascii	"index\000"
 1599      7800
 1600              	.LASF63:
 1601 020d 696E6974 		.ascii	"init_p\000"
 1601      5F7000
 1602              	.LASF22:
 1603 0214 666C6F61 		.ascii	"float\000"
 1603      7400
 1604              	.LASF74:
 1605 021a 73636865 		.ascii	"schetzen_lut_f\000"
 1605      747A656E 
 1605      5F6C7574 
 1605      5F6600
 1606              	.LASF56:
 1607 0229 5F686F6F 		.ascii	"_hook_param\000"
 1607      6B5F7061 
 1607      72616D00 
 1608              	.LASF10:
 1609 0235 6C6F6E67 		.ascii	"long long int\000"
 1609      206C6F6E 
 1609      6720696E 
 1609      7400
 1610              	.LASF29:
 1611 0243 55736572 		.ascii	"UserOscFuncInit\000"
 1611      4F736346 
 1611      756E6349 
 1611      6E697400 
 1612              	.LASF7:
 1613 0253 6C6F6E67 		.ascii	"long int\000"
 1613      20696E74 
 1613      00
 1614              	.LASF27:
 1615 025c 72657365 		.ascii	"reserved0\000"
 1615      72766564 
 1615      3000
 1616              	.LASF26:
 1617 0266 7265736F 		.ascii	"resonance\000"
 1617      6E616E63 
 1617      6500
 1618              	.LASF19:
ARM GAS  /tmp/ccnBlgpX.s 			page 31


 1619 0270 73697A65 		.ascii	"sizetype\000"
 1619      74797065 
 1619      00
 1620              	.LASF69:
 1621 0279 77745F70 		.ascii	"wt_par_lut_f\000"
 1621      61725F6C 
 1621      75745F66 
 1621      00
 1622              	.LASF3:
 1623 0286 5F5F7569 		.ascii	"__uint8_t\000"
 1623      6E74385F 
 1623      7400
 1624              	.LASF70:
 1625 0290 6C6F675F 		.ascii	"log_lut_f\000"
 1625      6C75745F 
 1625      6600
 1626              	.LASF46:
 1627 029a 66756E63 		.ascii	"func_value\000"
 1627      5F76616C 
 1627      756500
 1628              	.LASF51:
 1629 02a5 70617261 		.ascii	"params\000"
 1629      6D7300
 1630              	.LASF1:
 1631 02ac 756E7369 		.ascii	"unsigned char\000"
 1631      676E6564 
 1631      20636861 
 1631      7200
 1632              	.LASF33:
 1633 02ba 55736572 		.ascii	"UserOscFuncMute\000"
 1633      4F736346 
 1633      756E634D 
 1633      75746500 
 1634              	.LASF79:
 1635 02ca 5F5F696E 		.ascii	"__init_array_end\000"
 1635      69745F61 
 1635      72726179 
 1635      5F656E64 
 1635      00
 1636              	.LASF18:
 1637 02db 6C6F6E67 		.ascii	"long double\000"
 1637      20646F75 
 1637      626C6500 
 1638              	.LASF31:
 1639 02e7 55736572 		.ascii	"UserOscFuncOn\000"
 1639      4F736346 
 1639      756E634F 
 1639      6E00
 1640              	.LASF78:
 1641 02f5 5F5F696E 		.ascii	"__init_array_start\000"
 1641      69745F61 
 1641      72726179 
 1641      5F737461 
 1641      727400
 1642              	.LASF65:
 1643 0308 6D696469 		.ascii	"midi_to_hz_lut_f\000"
 1643      5F746F5F 
ARM GAS  /tmp/ccnBlgpX.s 			page 32


 1643      687A5F6C 
 1643      75745F66 
 1643      00
 1644              	.LASF36:
 1645 0319 55736572 		.ascii	"UserOscFuncDummy\000"
 1645      4F736346 
 1645      756E6344 
 1645      756D6D79 
 1645      00
 1646              	.LASF0:
 1647 032a 7369676E 		.ascii	"signed char\000"
 1647      65642063 
 1647      68617200 
 1648              	.LASF49:
 1649 0336 75736572 		.ascii	"user_osc_hook_table_t\000"
 1649      5F6F7363 
 1649      5F686F6F 
 1649      6B5F7461 
 1649      626C655F 
 1650              	.LASF11:
 1651 034c 6C6F6E67 		.ascii	"long long unsigned int\000"
 1651      206C6F6E 
 1651      6720756E 
 1651      7369676E 
 1651      65642069 
 1652              	.LASF16:
 1653 0363 75696E74 		.ascii	"uint32_t\000"
 1653      33325F74 
 1653      00
 1654              	.LASF12:
 1655 036c 756E7369 		.ascii	"unsigned int\000"
 1655      676E6564 
 1655      20696E74 
 1655      00
 1656              	.LASF64:
 1657 0379 735F686F 		.ascii	"s_hook_table\000"
 1657      6F6B5F74 
 1657      61626C65 
 1657      00
 1658              	.LASF14:
 1659 0386 75696E74 		.ascii	"uint16_t\000"
 1659      31365F74 
 1659      00
 1660              	.LASF50:
 1661 038f 5F5F696E 		.ascii	"__init_fptr\000"
 1661      69745F66 
 1661      70747200 
 1662              	.LASF5:
 1663 039b 73686F72 		.ascii	"short unsigned int\000"
 1663      7420756E 
 1663      7369676E 
 1663      65642069 
 1663      6E7400
 1664              	.LASF66:
 1665 03ae 77745F73 		.ascii	"wt_sine_lut_f\000"
 1665      696E655F 
 1665      6C75745F 
ARM GAS  /tmp/ccnBlgpX.s 			page 33


 1665      6600
 1666              	.LASF32:
 1667 03bc 55736572 		.ascii	"UserOscFuncOff\000"
 1667      4F736346 
 1667      756E634F 
 1667      666600
 1668              	.LASF53:
 1669 03cb 5F686F6F 		.ascii	"_hook_cycle\000"
 1669      6B5F6379 
 1669      636C6500 
 1670              	.LASF20:
 1671 03d7 63686172 		.ascii	"char\000"
 1671      00
 1672              	.LASF15:
 1673 03dc 696E7433 		.ascii	"int32_t\000"
 1673      325F7400 
 1674              	.LASF60:
 1675 03e4 6273735F 		.ascii	"bss_e\000"
 1675      6500
 1676              	.LASF47:
 1677 03ea 66756E63 		.ascii	"func_param\000"
 1677      5F706172 
 1677      616D00
 1678              	.LASF41:
 1679 03f5 66756E63 		.ascii	"func_entry\000"
 1679      5F656E74 
 1679      727900
 1680              	.LASF71:
 1681 0400 74616E70 		.ascii	"tanpi_lut_f\000"
 1681      695F6C75 
 1681      745F6600 
 1682              	.LASF62:
 1683 040c 6273735F 		.ascii	"bss_p\000"
 1683      7000
 1684              	.LASF35:
 1685 0412 55736572 		.ascii	"UserOscFuncParam\000"
 1685      4F736346 
 1685      756E6350 
 1685      6172616D 
 1685      00
 1686              	.LASF67:
 1687 0423 77745F73 		.ascii	"wt_saw_lut_f\000"
 1687      61775F6C 
 1687      75745F66 
 1687      00
 1688              	.LASF77:
 1689 0430 5F627373 		.ascii	"_bss_end\000"
 1689      5F656E64 
 1689      00
 1690              	.LASF40:
 1691 0439 706C6174 		.ascii	"platform\000"
 1691      666F726D 
 1691      00
 1692              	.LASF9:
 1693 0442 6C6F6E67 		.ascii	"long unsigned int\000"
 1693      20756E73 
 1693      69676E65 
ARM GAS  /tmp/ccnBlgpX.s 			page 34


 1693      6420696E 
 1693      7400
 1694              	.LASF21:
 1695 0454 646F7562 		.ascii	"double\000"
 1695      6C6500
 1696              	.LASF8:
 1697 045b 5F5F7569 		.ascii	"__uint32_t\000"
 1697      6E743332 
 1697      5F7400
 1698              	.LASF61:
 1699 0466 636F756E 		.ascii	"count\000"
 1699      7400
 1700              	.LASF34:
 1701 046c 55736572 		.ascii	"UserOscFuncValue\000"
 1701      4F736346 
 1701      756E6356 
 1701      616C7565 
 1701      00
 1702              	.LASF6:
 1703 047d 5F5F696E 		.ascii	"__int32_t\000"
 1703      7433325F 
 1703      7400
 1704              	.LASF28:
 1705 0487 75736572 		.ascii	"user_osc_param_t\000"
 1705      5F6F7363 
 1705      5F706172 
 1705      616D5F74 
 1705      00
 1706              	.LASF13:
 1707 0498 75696E74 		.ascii	"uint8_t\000"
 1707      385F7400 
 1708              	.LASF43:
 1709 04a0 66756E63 		.ascii	"func_on\000"
 1709      5F6F6E00 
 1710              	.LASF48:
 1711 04a8 72657365 		.ascii	"reserved1\000"
 1711      72766564 
 1711      3100
 1712              	.LASF72:
 1713 04b2 73717274 		.ascii	"sqrtm2log_lut_f\000"
 1713      6D326C6F 
 1713      675F6C75 
 1713      745F6600 
 1714              	.LASF39:
 1715 04c2 6D616769 		.ascii	"magic\000"
 1715      6300
 1716              	.LASF76:
 1717 04c8 5F627373 		.ascii	"_bss_start\000"
 1717      5F737461 
 1717      727400
 1718              	.LASF24:
 1719 04d3 70697463 		.ascii	"pitch\000"
 1719      6800
 1720              	.LASF37:
 1721 04d9 75736572 		.ascii	"user_osc_param\000"
 1721      5F6F7363 
 1721      5F706172 
ARM GAS  /tmp/ccnBlgpX.s 			page 35


 1721      616D00
 1722              	.LASF54:
 1723 04e8 5F686F6F 		.ascii	"_hook_value\000"
 1723      6B5F7661 
 1723      6C756500 
 1724              	.LASF45:
 1725 04f4 66756E63 		.ascii	"func_mute\000"
 1725      5F6D7574 
 1725      6500
 1726              		.ident	"GCC: (GNU Tools for ARM Embedded Processors) 5.4.1 20160919 (release) [ARM/embedded-5-bran
ARM GAS  /tmp/ccnBlgpX.s 			page 36


DEFINED SYMBOLS
                            *ABS*:00000000 _unit.c
     /tmp/ccnBlgpX.s:21     .text:00000000 $t
     /tmp/ccnBlgpX.s:26     .text:00000000 _hook_cycle
     /tmp/ccnBlgpX.s:44     .text:00000002 _hook_mute
     /tmp/ccnBlgpX.s:61     .text:00000004 _hook_value
     /tmp/ccnBlgpX.s:78     .text:00000006 _hook_param
     /tmp/ccnBlgpX.s:95     .text:00000008 _hook_off
     /tmp/ccnBlgpX.s:110    .text:0000000a _hook_on
     /tmp/ccnBlgpX.s:125    .text:0000000c _hook_init
     /tmp/ccnBlgpX.s:142    .text:0000000e _entry
     /tmp/ccnBlgpX.s:218    .text:00000050 $d
     /tmp/ccnBlgpX.s:228    .hooks:00000000 s_hook_table
     /tmp/ccnBlgpX.s:236    .hooks:0000000a $d
                     .debug_frame:00000010 $d

UNDEFINED SYMBOLS
_bss_start
_bss_end
__init_array_start
__init_array_end
